<?xml version="1.0" encoding="UTF-8"?>
<testsuite xmlns:xsi="http://www.w3.org/2001/XMLSchema-instance" xsi:noNamespaceSchemaLocation="https://maven.apache.org/surefire/maven-surefire-plugin/xsd/surefire-test-report.xsd" version="3.0.2" name="com.mastery.springboot_mastery.SpringbootMasteryApplicationTests" time="4.892" tests="1" errors="0" skipped="0" failures="0">
  <properties>
[...]
</properties>
  <testcase name="contextLoads" classname="com.mastery.springboot_mastery.SpringbootMasteryApplicationTests" time="0.327">
    <system-out><![CDATA[22:10:07.014 [main] INFO org.springframework.test.context.support.AnnotationConfigContextLoaderUtils -- Could not detect default configuration classes for test class [com.mastery.springboot_mastery.SpringbootMasteryApplicationTests]: SpringbootMasteryApplicationTests does not declare any static, non-private, non-final, nested classes annotated with @Configuration.
22:10:07.105 [main] INFO org.springframework.boot.test.context.SpringBootTestContextBootstrapper -- Found @SpringBootConfiguration com.mastery.springboot_mastery.SpringbootMasteryApplication for test class com.mastery.springboot_mastery.SpringbootMasteryApplicationTests
22:10:07.303 [main] INFO org.springframework.boot.devtools.restart.RestartApplicationListener -- Restart disabled due to context in which it is running

  .   ____          _            __ _ _
 /\\ / ___'_ __ _ _(_)_ __  __ _ \ \ \ \
( ( )\___ | '_ | '_| | '_ \/ _` | \ \ \ \
 \\/  ___)| |_)| | | | | || (_| |  ) ) ) )
  '  |____| .__|_| |_|_| |_\__, | / / / /
 =========|_|==============|___/=/_/_/_/

 :: Spring Boot ::               (v3.5.11)

2026-03-12T22:10:07.580+05:30  INFO 34376 --- [springboot-mastery] [           main] c.m.s.SpringbootMasteryApplicationTests  : Starting SpringbootMasteryApplicationTests using Java 21.0.10 with PID 34376 (started by NishantKhokhani(Skan in D:\Projects\springboot-mastery)
2026-03-12T22:10:07.582+05:30  INFO 34376 --- [springboot-mastery] [           main] c.m.s.SpringbootMasteryApplicationTests  : No active profile set, falling back to 1 default profile: "default"
2026-03-12T22:10:08.270+05:30  INFO 34376 --- [springboot-mastery] [           main] .s.d.r.c.RepositoryConfigurationDelegate : Bootstrapping Spring Data JPA repositories in DEFAULT mode.
2026-03-12T22:10:08.319+05:30  INFO 34376 --- [springboot-mastery] [           main] .s.d.r.c.RepositoryConfigurationDelegate : Finished Spring Data repository scanning in 36 ms. Found 1 JPA repository interface.
2026-03-12T22:10:08.686+05:30  INFO 34376 --- [springboot-mastery] [           main] o.hibernate.jpa.internal.util.LogHelper  : HHH000204: Processing PersistenceUnitInfo [name: default]
2026-03-12T22:10:08.786+05:30  INFO 34376 --- [springboot-mastery] [           main] org.hibernate.Version                    : HHH000412: Hibernate ORM core version 6.6.42.Final
2026-03-12T22:10:08.846+05:30  INFO 34376 --- [springboot-mastery] [           main] o.h.c.internal.RegionFactoryInitiator    : HHH000026: Second-level cache disabled
2026-03-12T22:10:09.237+05:30  INFO 34376 --- [springboot-mastery] [           main] o.s.o.j.p.SpringPersistenceUnitInfo      : No LoadTimeWeaver setup: ignoring JPA class transformer
2026-03-12T22:10:09.280+05:30  INFO 34376 --- [springboot-mastery] [           main] com.zaxxer.hikari.HikariDataSource       : HikariPool-1 - Starting...
2026-03-12T22:10:09.603+05:30  INFO 34376 --- [springboot-mastery] [           main] com.zaxxer.hikari.pool.HikariPool        : HikariPool-1 - Added connection org.postgresql.jdbc.PgConnection@5835e24a
2026-03-12T22:10:09.603+05:30  INFO 34376 --- [springboot-mastery] [           main] com.zaxxer.hikari.HikariDataSource       : HikariPool-1 - Start completed.
2026-03-12T22:10:09.660+05:30  WARN 34376 --- [springboot-mastery] [           main] org.hibernate.orm.deprecation            : HHH90000025: PostgreSQLDialect does not need to be specified explicitly using 'hibernate.dialect' (remove the property setting and it will be selected by default)
2026-03-12T22:10:09.687+05:30  INFO 34376 --- [springboot-mastery] [           main] org.hibernate.orm.connections.pooling    : HHH10001005: Database info:
	Database JDBC URL [Connecting through datasource 'HikariDataSource (HikariPool-1)']
	Database driver: undefined/unknown
	Database version: 18.3
	Autocommit mode: undefined/unknown
	Isolation level: undefined/unknown
	Minimum pool size: undefined/unknown
	Maximum pool size: undefined/unknown
2026-03-12T22:10:10.485+05:30  INFO 34376 --- [springboot-mastery] [           main] o.h.e.t.j.p.i.JtaPlatformInitiator       : HHH000489: No JTA platform available (set 'hibernate.transaction.jta.platform' to enable JTA platform integration)
2026-03-12T22:10:10.645+05:30  INFO 34376 --- [springboot-mastery] [           main] j.LocalContainerEntityManagerFactoryBean : Initialized JPA EntityManagerFactory for persistence unit 'default'
2026-03-12T22:10:10.811+05:30  WARN 34376 --- [springboot-mastery] [           main] JpaBaseConfiguration$JpaWebConfiguration : spring.jpa.open-in-view is enabled by default. Therefore, database queries may be performed during view rendering. Explicitly configure spring.jpa.open-in-view to disable this warning
2026-03-12T22:10:11.431+05:30  INFO 34376 --- [springboot-mastery] [           main] c.m.s.SpringbootMasteryApplicationTests  : Started SpringbootMasteryApplicationTests in 4.145 seconds (process running for 5.011)
]]></system-out>
    <system-err><![CDATA[Mockito is currently self-attaching to enable the inline-mock-maker. This will no longer work in future releases of the JDK. Please add Mockito as an agent to your build as described in Mockito's documentation: https://javadoc.io/doc/org.mockito/mockito-core/latest/org.mockito/org/mockito/Mockito.html#0.3
WARNING: A Java agent has been loaded dynamically (C:\Users\NishantKhokhani(Skan\.m2\repository\net\bytebuddy\byte-buddy-agent\1.17.8\byte-buddy-agent-1.17.8.jar)
WARNING: If a serviceability tool is in use, please run with -XX:+EnableDynamicAgentLoading to hide this warning
WARNING: If a serviceability tool is not in use, please run with -Djdk.instrument.traceUsage for more information
WARNING: Dynamic loading of agents will be disallowed by default in a future release
]]></system-err>
  </testcase>
</testsuite>